c:\users\danvi\onedrive - purdue.edu\desktop\purdue\521\labs\cgt 521 spring 2024\final-lighting\x64\debug\vc143.pdb
c:\users\danvi\onedrive - purdue.edu\desktop\purdue\521\labs\cgt 521 spring 2024\final-lighting\x64\debug\vc143.idb
c:\users\danvi\onedrive - purdue.edu\desktop\purdue\521\labs\cgt 521 spring 2024\final-lighting\x64\debug\videorecorder.obj
c:\users\danvi\onedrive - purdue.edu\desktop\purdue\521\labs\cgt 521 spring 2024\final-lighting\x64\debug\uniforms.obj
c:\users\danvi\onedrive - purdue.edu\desktop\purdue\521\labs\cgt 521 spring 2024\final-lighting\x64\debug\scene.obj
c:\users\danvi\onedrive - purdue.edu\desktop\purdue\521\labs\cgt 521 spring 2024\final-lighting\x64\debug\main.obj
c:\users\danvi\onedrive - purdue.edu\desktop\purdue\521\labs\cgt 521 spring 2024\final-lighting\x64\debug\loadtexture.obj
c:\users\danvi\onedrive - purdue.edu\desktop\purdue\521\labs\cgt 521 spring 2024\final-lighting\x64\debug\loadmesh.obj
c:\users\danvi\onedrive - purdue.edu\desktop\purdue\521\labs\cgt 521 spring 2024\final-lighting\x64\debug\initshader.obj
c:\users\danvi\onedrive - purdue.edu\desktop\purdue\521\labs\cgt 521 spring 2024\final-lighting\x64\debug\debugcallback.obj
c:\users\danvi\onedrive - purdue.edu\desktop\purdue\521\labs\cgt 521 spring 2024\final-lighting\x64\debug\callbacks.obj
c:\users\danvi\onedrive - purdue.edu\desktop\purdue\521\labs\cgt 521 spring 2024\final-lighting\x64\debug\imgui_widgets.obj
c:\users\danvi\onedrive - purdue.edu\desktop\purdue\521\labs\cgt 521 spring 2024\final-lighting\x64\debug\imgui_tables.obj
c:\users\danvi\onedrive - purdue.edu\desktop\purdue\521\labs\cgt 521 spring 2024\final-lighting\x64\debug\imgui_draw.obj
c:\users\danvi\onedrive - purdue.edu\desktop\purdue\521\labs\cgt 521 spring 2024\final-lighting\x64\debug\imgui_demo.obj
c:\users\danvi\onedrive - purdue.edu\desktop\purdue\521\labs\cgt 521 spring 2024\final-lighting\x64\debug\imgui.obj
c:\users\danvi\onedrive - purdue.edu\desktop\purdue\521\labs\cgt 521 spring 2024\final-lighting\x64\debug\imgui_impl_opengl3.obj
c:\users\danvi\onedrive - purdue.edu\desktop\purdue\521\labs\cgt 521 spring 2024\final-lighting\x64\debug\imgui_impl_glfw.obj
c:\users\danvi\onedrive - purdue.edu\desktop\purdue\521\labs\cgt 521 spring 2024\x64\debug\lightingmodels.exe
c:\users\danvi\onedrive - purdue.edu\desktop\purdue\521\labs\cgt 521 spring 2024\final-lighting\x64\debug\lightingmodels.ilk
c:\users\danvi\onedrive - purdue.edu\desktop\purdue\521\labs\cgt 521 spring 2024\x64\debug\lightingmodels.pdb
c:\users\danvi\onedrive - purdue.edu\desktop\purdue\521\labs\cgt 521 spring 2024\final-lighting\x64\debug\lightingmodels.tlog\cl.command.1.tlog
c:\users\danvi\onedrive - purdue.edu\desktop\purdue\521\labs\cgt 521 spring 2024\final-lighting\x64\debug\lightingmodels.tlog\cl.items.tlog
c:\users\danvi\onedrive - purdue.edu\desktop\purdue\521\labs\cgt 521 spring 2024\final-lighting\x64\debug\lightingmodels.tlog\cl.read.1.tlog
c:\users\danvi\onedrive - purdue.edu\desktop\purdue\521\labs\cgt 521 spring 2024\final-lighting\x64\debug\lightingmodels.tlog\cl.write.1.tlog
c:\users\danvi\onedrive - purdue.edu\desktop\purdue\521\labs\cgt 521 spring 2024\final-lighting\x64\debug\lightingmodels.tlog\link.command.1.tlog
c:\users\danvi\onedrive - purdue.edu\desktop\purdue\521\labs\cgt 521 spring 2024\final-lighting\x64\debug\lightingmodels.tlog\link.read.1.tlog
c:\users\danvi\onedrive - purdue.edu\desktop\purdue\521\labs\cgt 521 spring 2024\final-lighting\x64\debug\lightingmodels.tlog\link.write.1.tlog
